--- Copying files at Wed Apr 29 06:48:54 UTC 2020
--- Copying files at Wed Apr 29 13:25:34 UTC 2020
--- Copying files at Thu Apr 30 00:08:15 UTC 2020
--- Copying files at Thu Apr 30 00:34:46 UTC 2020
--- Copying files at Thu Apr 30 01:04:00 UTC 2020
--- Copying files at Thu Apr 30 01:27:21 UTC 2020
--- Copying files at Thu Apr 30 01:39:35 UTC 2020
--- Copying files at Thu Apr 30 02:14:39 UTC 2020
--- Copying files at Thu Apr 30 05:21:09 UTC 2020
--- Copying files at Thu Apr 30 05:32:41 UTC 2020
--- Copying files at Thu Apr 30 14:04:36 UTC 2020
--- Copying files at Thu Apr 30 14:04:37 UTC 2020
--- Copying files at Thu Apr 30 14:04:38 UTC 2020
--- Copying files at Thu Apr 30 14:04:39 UTC 2020
--- Copying files at Thu Apr 30 14:04:40 UTC 2020
--- Copying files at Thu Apr 30 14:04:43 UTC 2020
--- Copying files at Thu Apr 30 14:04:46 UTC 2020
--- Copying files at Thu Apr 30 14:04:53 UTC 2020
--- Copying files at Thu Apr 30 14:05:07 UTC 2020
--- Copying files at Thu Apr 30 14:05:33 UTC 2020
--- Copying files at Thu Apr 30 14:06:22 UTC 2020
--- Copying files at Sat May  2 03:00:33 UTC 2020
--- Copying files at Sat May  2 07:48:11 UTC 2020
--- Copying files at Sat May  2 08:57:05 UTC 2020
--- Copying files at Sat May  2 13:23:37 UTC 2020
--- Copying files at Sat May  2 13:53:44 UTC 2020
--- Copying files at Sat May  2 14:20:15 UTC 2020
--- Copying files at Sun May  3 07:10:38 UTC 2020
--- Copying files at Sun May  3 10:52:38 UTC 2020
--- Copying files at Sun May  3 10:52:51 UTC 2020
--- Copying files at Sun May  3 12:30:00 UTC 2020
--- Copying files at Sun May  3 16:30:53 UTC 2020
--- Copying files at Sun May  3 16:44:37 UTC 2020
--- Copying files at Sun May 10 07:10:25 UTC 2020
--- Copying files at Fri May 15 03:44:29 UTC 2020
--- Copying files at Fri May 15 03:44:45 UTC 2020
--- Copying files at Fri May 15 04:11:55 UTC 2020
--- Copying files at Fri May 15 08:11:20 UTC 2020
--- Copying files at Fri May 15 08:16:29 UTC 2020
--- Copying files at Fri May 15 08:22:58 UTC 2020
--- Copying files at Sat May 16 02:08:50 UTC 2020
--- Copying files at Sat May 16 02:23:15 UTC 2020
--- Copying files at Mon May 18 00:34:01 UTC 2020
--- Copying files at Thu May 21 11:18:44 UTC 2020
--- Copying files at Thu May 21 12:19:46 UTC 2020
