Started at Sun May 03 16:48:31 UTC 2020
Processing homework
Offering homework to Project Build Discarder
Finished at Sun May 03 16:48:31 UTC 2020. 57ms
Started at Sun May 03 20:40:41 UTC 2020
Processing homework
Offering homework to Project Build Discarder
Finished at Sun May 03 20:40:41 UTC 2020. 25ms
Started at Sun May 03 23:37:08 UTC 2020
Processing homework
Offering homework to Project Build Discarder
Finished at Sun May 03 23:37:08 UTC 2020. 32ms
Started at Mon May 04 00:55:38 UTC 2020
Processing homework
Offering homework to Project Build Discarder
Finished at Mon May 04 00:55:38 UTC 2020. 17ms
Started at Mon May 04 01:55:34 UTC 2020
Processing homework
Offering homework to Project Build Discarder
Finished at Mon May 04 01:55:34 UTC 2020. 17ms
Started at Mon May 04 02:55:30 UTC 2020
Processing homework
Offering homework to Project Build Discarder
Finished at Mon May 04 02:55:30 UTC 2020. 9ms
